<?xml version="1.0" encoding="UTF-8"?>
<testng-results ignored="0" total="1" passed="1" failed="0" skipped="0">
  <reporter-output>
  </reporter-output>
  <suite started-at="2021-03-11T14:33:55 EST" name="testCases.Test_GoogleSearchPageObject" finished-at="2021-03-11T14:34:42 EST" duration-ms="46886">
    <groups>
    </groups>
    <test started-at="2021-03-11T14:33:55 EST" name="Command line test" finished-at="2021-03-11T14:34:42 EST" duration-ms="46886">
      <class name="testCases.Test_GoogleSearchPageObject">
        <test-method is-config="true" signature="init()[pri:0, instance:testCases.Test_GoogleSearchPageObject@7dc0f706]" started-at="2021-03-11T14:33:53 EST" name="init" finished-at="2021-03-11T14:33:55 EST" duration-ms="2168" status="PASS">
          <reporter-output>
          </reporter-output>
        </test-method> <!-- init -->
        <test-method is-config="true" signature="setUp()[pri:0, instance:testCases.Test_GoogleSearchPageObject@7dc0f706]" started-at="2021-03-11T14:33:55 EST" name="setUp" finished-at="2021-03-11T14:34:30 EST" duration-ms="34794" status="PASS">
          <reporter-output>
          </reporter-output>
        </test-method> <!-- setUp -->
        <test-method signature="testSearch()[pri:0, instance:testCases.Test_GoogleSearchPageObject@7dc0f706]" started-at="2021-03-11T14:34:30 EST" name="testSearch" finished-at="2021-03-11T14:34:38 EST" duration-ms="7363" status="PASS">
          <reporter-output>
          </reporter-output>
        </test-method> <!-- testSearch -->
        <test-method is-config="true" signature="tearDown()[pri:0, instance:testCases.Test_GoogleSearchPageObject@7dc0f706]" started-at="2021-03-11T14:34:38 EST" name="tearDown" finished-at="2021-03-11T14:34:42 EST" duration-ms="4389" status="PASS">
          <reporter-output>
          </reporter-output>
        </test-method> <!-- tearDown -->
        <test-method is-config="true" signature="turnOff()[pri:0, instance:testCases.Test_GoogleSearchPageObject@7dc0f706]" started-at="2021-03-11T14:34:42 EST" name="turnOff" finished-at="2021-03-11T14:34:44 EST" duration-ms="1543" status="PASS">
          <reporter-output>
          </reporter-output>
        </test-method> <!-- turnOff -->
      </class> <!-- testCases.Test_GoogleSearchPageObject -->
    </test> <!-- Command line test -->
  </suite> <!-- testCases.Test_GoogleSearchPageObject -->
</testng-results>
