<?xml version="1.0" encoding="UTF-8"?>
<testng-results ignored="0" total="1" passed="1" failed="0" skipped="0">
  <reporter-output>
  </reporter-output>
  <suite started-at="2021-03-09T16:30:07 EST" name="Suite" finished-at="2021-03-09T16:30:23 EST" duration-ms="15482">
    <groups>
    </groups>
    <test started-at="2021-03-09T16:30:07 EST" name="Test" finished-at="2021-03-09T16:30:23 EST" duration-ms="15482">
      <class name="testCases.Test_GoogleSearchPageObject">
        <test-method is-config="true" signature="init()[pri:0, instance:testCases.Test_GoogleSearchPageObject@305ffe9e]" started-at="2021-03-09T16:30:06 EST" name="init" finished-at="2021-03-09T16:30:07 EST" duration-ms="1390" status="PASS">
          <reporter-output>
          </reporter-output>
        </test-method> <!-- init -->
        <test-method is-config="true" signature="setUp()[pri:0, instance:testCases.Test_GoogleSearchPageObject@305ffe9e]" started-at="2021-03-09T16:30:07 EST" name="setUp" finished-at="2021-03-09T16:30:17 EST" duration-ms="9317" status="PASS">
          <reporter-output>
          </reporter-output>
        </test-method> <!-- setUp -->
        <test-method signature="testSearch()[pri:0, instance:testCases.Test_GoogleSearchPageObject@305ffe9e]" started-at="2021-03-09T16:30:17 EST" name="testSearch" finished-at="2021-03-09T16:30:23 EST" duration-ms="5681" status="PASS">
          <reporter-output>
          </reporter-output>
        </test-method> <!-- testSearch -->
        <test-method is-config="true" signature="tearDown()[pri:0, instance:testCases.Test_GoogleSearchPageObject@305ffe9e]" started-at="2021-03-09T16:30:23 EST" name="tearDown" finished-at="2021-03-09T16:30:23 EST" duration-ms="341" status="PASS">
          <reporter-output>
          </reporter-output>
        </test-method> <!-- tearDown -->
        <test-method is-config="true" signature="turnOff()[pri:0, instance:testCases.Test_GoogleSearchPageObject@305ffe9e]" started-at="2021-03-09T16:30:23 EST" name="turnOff" finished-at="2021-03-09T16:30:25 EST" duration-ms="1673" status="PASS">
          <reporter-output>
          </reporter-output>
        </test-method> <!-- turnOff -->
      </class> <!-- testCases.Test_GoogleSearchPageObject -->
    </test> <!-- Test -->
  </suite> <!-- Suite -->
</testng-results>
